Arguments: 
  /home/hamzaabamboo/.nvm/versions/node/v10.4.1/bin/node /usr/share/yarn/bin/yarn.js

PATH: 
  /home/hamzaabamboo/.rvm/gems/ruby-2.4.1/bin:/home/hamzaabamboo/.rvm/gems/ruby-2.4.1@global/bin:/home/hamzaabamboo/.rvm/rubies/ruby-2.4.1/bin:/home/hamzaabamboo/.pyenv/shims:/home/hamzaabamboo/.pyenv/bin:/home/hamzaabamboo/.nvm/versions/node/v10.4.1/bin:/usr/local/sbin:/usr/local/bin:/usr/sbin:/usr/bin:/sbin:/bin:/usr/games:/usr/local/games:/c/Program Files/Docker/Docker/resources/bin:/c/Program Files (x86)/Common Files/Oracle/Java/javapath_target_1309937:/c/Program Files (x86)/Intel/Intel(R) Management Engine Components/iCLS:/c/Program Files/Intel/Intel(R) Management Engine Components/iCLS:/c/Program Files/NVIDIA GPU Computing Toolkit/CUDA/v8.0/bin:/c/Program Files/NVIDIA GPU Computing Toolkit/CUDA/v8.0/libnvvp:/c/ProgramData/Oracle/Java/javapath_target_1757703:/c/Windows/System32:/c/Windows:/c/Windows/System32/wbem:/c/Windows/System32/WindowsPowerShell/v1.0:/c/Program Files (x86)/NVIDIA Corporation/PhysX/Common:/c/Windows/System32:/c/Windows:/c/Windows/System32/wbem:/c/Windows/System32/WindowsPowerShell/v1.0:/c/ProgramData/ComposerSetup/bin:/c/Program Files/Java/jdk1.8.0_144/bin:/c/Program Files (x86)/PuTTY:/c/Windows/System32:/c/Windows:/c/Windows/System32/wbem:/c/Windows/System32/WindowsPowerShell/v1.0:/c/Program Files/Git/cmd:/c/Program Files/nodejs:/c/Program Files (x86)/Windows Kits/8.1/Windows Performance Toolkit:/d/MATLAB/R2017b/bin:/c/Program Files (x86)/Yarn/bin:/c/Windows/System32/OpenSSH:/c/Program Files/Intel/WiFi/bin:/c/Program Files/Common Files/Intel/WirelessCommon:/c/Program Files/Microsoft VS Code/bin:/c/Program Files (x86)/Intel/Intel(R) Management Engine Components/DAL:/c/Program Files/Intel/Intel(R) Management Engine Components/DAL:/c/Program Files (x86)/Intel/Intel(R) Management Engine Components/IPT:/c/Program Files/Intel/Intel(R) Management Engine Components/IPT:/c/Users/Tanyawat/AppData/Roaming/local/bin:/c/Users/Tanyawat/scoop/shims:/c/ProgramData/ComposerSetup/bin:/c/Program Files/Java/jdk1.8.0_144/bin:/c/Program Files (x86)/PuTTY:/c/Users/Tanyawat/AppData/Local/Programs/Python/Python36/Scripts:/c/Users/Tanyawat/AppData/Local/Programs/Python/Python36/Scripts:/c/Windows/System32:/c/Windows:/c/Windows/System32/wbem:/c/Windows/System32/WindowsPowerShell/v1.0:/c/Program Files (x86)/Intel/Intel(R) Management Engine Components/DAL:/c/Program Files/Intel/Intel(R) Management Engine Components/DAL:/c/Program Files (x86)/Intel/Intel(R) Management Engine Components/IPT:/c/Program Files/Intel/Intel(R) Management Engine Components/IPT:/c/Program Files/Git/cmd:/c/Program Files/nodejs:/c/Program Files/Intel/WiFi/bin:/c/Program Files/Common Files/Intel/WirelessCommon:/c/Users/Tanyawat/AppData/Local/Microsoft/WindowsApps:/c/Users/Tanyawat/AppData/Local/atom/bin:/c/Users/Tanyawat/AppData/Local/Microsoft/WindowsApps:/c/Program Files/Java/jdk1.8.0_144/bin/javac.exe:/c/Program Files/Microsoft VS Code/bin:/c/Users/Tanyawat/AppData/Roaming/npm:/c/Program Files/Git/usr/bin/vendor_perl:/c/Program Files/Git/usr/bin/core_perl:/c/Users/Tanyawat/.windows-build-tools/python27:/c/Program Files/nodejs/node_modules/npm/bin/node-gyp-bin:/c/Users/Tanyawat/AppData/Roaming/npm/node_modules/windows-build-tools/node_modules/.bin:/c/Program Files/Git/mingw64/bin:/c/Program Files/Git/usr/bin:/c/Program Files/Git/usr/bin:/c/Program Files/Git/mingw64/bin:/c/Program Files/Git/usr/bin:/c/Program Files/NVIDIA GPU Computing Toolkit/CUDA/v8.0/bin:/c/Program Files/NVIDIA GPU Computing Toolkit/CUDA/v8.0/libnvvp:/c/ProgramData/Oracle/Java/javapath_target_1757703:/c/Program Files/Intel/iCLS Client:/c/Windows/System32:/c/Windows:/c/Program Files/Heroku/bin:/c/Program Files/Microsoft VS Code/bin:/c/Users/Tanyawat/AppData/Local/Yarn/bin:/c/Users/Tanyawat/AppData/Local/Microsoft/WindowsApps:/c/Users/Tanyawat/AppData/Local/Programs/MiKTeX 2.9/miktex/bin/x64:/c/Program Files/Java/jdk1.8.0_144/bin:/c/Users/Tanyawat/AppData/Local/hyper/app-2.1.0-canary2/resources/bin:/d/Android/platform-tools:/d/libraries/flutter/bin:/c/Users/Tanyawat/AppData/Local/Programs/Microsoft VS Code/bin:/home/hamzaabamboo/.rvm/bin:/home/hamzaabamboo/.yarn/bin

Yarn version: 
  1.9.4

Node version: 
  10.4.1

Platform: 
  linux x64

Trace: 
  Error: ENOENT: no such file or directory, lstat '/home/hamzaabamboo/.cache/yarn/v2/npm-node-emoji-1.8.1-6eec6bfb07421e2148c75c6bba72421f8530a826/lib/emoji.json'

npm manifest: 
  {
    "name": "gatsby-starter-blog-no-styles",
    "description": "Starter Gatsby Blog No Styles",
    "version": "1.0.0",
    "author": "Noah Glusenkamp <noah.glusenkamp@gmail.com>",
    "bugs": {
      "url": "https://github.com/gatsbyjs/gatsby-starter-blog/issues"
    },
    "dependencies": {
      "gatsby": "^1.8.12",
      "gatsby-link": "^1.6.8",
      "gatsby-plugin-google-analytics": "^1.0.4",
      "gatsby-plugin-manifest": "^1.0.4",
      "gatsby-plugin-offline": "^1.0.4",
      "gatsby-plugin-preact": "^1.0.3",
      "gatsby-plugin-react-helmet": "^1.0.3",
      "gatsby-plugin-sharp": "^1.6.2",
      "gatsby-remark-copy-linked-files": "^1.5.2",
      "gatsby-remark-images": "^1.5.4",
      "gatsby-remark-prismjs": "^1.2.1",
      "gatsby-remark-responsive-iframe": "^1.4.3",
      "gatsby-remark-smartypants": "^1.4.3",
      "gatsby-source-filesystem": "^1.4.3",
      "gatsby-transformer-remark": "^1.7.1",
      "gatsby-transformer-sharp": "^1.6.1",
      "lodash": "^4.15.0"
    },
    "devDependencies": {
      "gh-pages": "^0.12.0",
      "prettier": "^1.6.1"
    },
    "homepage": "https://github.com/noahg/gatsby-starter-blog-no-styles#readme",
    "keywords": [
      "gatsby"
    ],
    "license": "MIT",
    "main": "n/a",
    "repository": {
      "type": "git",
      "url": "git+https://github.com/noahg/gatsby-starter-blog-no-styles.git"
    },
    "scripts": {
      "dev": "gatsby develop",
      "lint": "./node_modules/.bin/eslint --ext .js,.jsx --ignore-pattern public .",
      "test": "echo \"Error: no test specified\" && exit 1",
      "format": "prettier --trailing-comma es5 --no-semi --single-quote --write 'src/**/*.js'",
      "develop": "gatsby develop",
      "build": "gatsby build",
      "deploy": "gatsby build --prefix-paths && gh-pages -d public",
      "fix-semi": "eslint --quiet --ignore-pattern node_modules --ignore-pattern public --parser babel-eslint --no-eslintrc --rule '{\"semi\": [2, \"never\"], \"no-extra-semi\": [2]}' --fix gatsby-node.js"
    }
  }

yarn manifest: 
  No manifest

Lockfile: 
  No lockfile
